android/build/outputs/logs/manifest-merger-debug-report.txt
-- Merging decision tree log ---
manifest
ADDED from CryptChat\android\AndroidManifest.xml:2:1-28:12
	package
		ADDED from CryptChat\android\AndroidManifest.xml:3:11-43
		INJECTED from CryptChat\android\AndroidManifest.xml
		INJECTED from CryptChat\android\AndroidManifest.xml
	android:versionName
		ADDED from CryptChat\android\AndroidManifest.xml:5:11-36
		INJECTED from CryptChat\android\AndroidManifest.xml
		INJECTED from CryptChat\android\AndroidManifest.xml
	android:versionCode
		ADDED from CryptChat\android\AndroidManifest.xml:4:11-34
		INJECTED from CryptChat\android\AndroidManifest.xml
		INJECTED from CryptChat\android\AndroidManifest.xml
	xmlns:android
		ADDED from CryptChat\android\AndroidManifest.xml:2:11-69
uses-sdk
ADDED from CryptChat\android\AndroidManifest.xml:7:5-73
	android:targetSdkVersion
		ADDED from CryptChat\android\AndroidManifest.xml:7:41-70
		INJECTED from CryptChat\android\AndroidManifest.xml
		INJECTED from CryptChat\android\AndroidManifest.xml
	android:minSdkVersion
		ADDED from CryptChat\android\AndroidManifest.xml:7:15-40
		INJECTED from CryptChat\android\AndroidManifest.xml
		INJECTED from CryptChat\android\AndroidManifest.xml
uses-permission#android.permission.INTERNET
ADDED from CryptChat\android\AndroidManifest.xml:8:5-67
	android:name
		ADDED from CryptChat\android\AndroidManifest.xml:8:22-64
application
ADDED from CryptChat\android\AndroidManifest.xml:10:5-26:19
	android:label
		ADDED from CryptChat\android\AndroidManifest.xml:13:13-45
	android:allowBackup
		ADDED from CryptChat\android\AndroidManifest.xml:11:13-39
	android:icon
		ADDED from CryptChat\android\AndroidManifest.xml:12:13-49
	android:theme
		ADDED from CryptChat\android\AndroidManifest.xml:14:13-44
activity#ca.valacware.cryptchat.AndroidLauncher
ADDED from CryptChat\android\AndroidManifest.xml:15:9-25:20
	android:screenOrientation
		ADDED from CryptChat\android\AndroidManifest.xml:18:17-49
	android:label
		ADDED from CryptChat\android\AndroidManifest.xml:17:17-49
	android:windowSoftInputMode
		ADDED from CryptChat\android\AndroidManifest.xml:19:17-59
	android:configChanges
		ADDED from CryptChat\android\AndroidManifest.xml:20:17-87
	android:name
		ADDED from CryptChat\android\AndroidManifest.xml:16:17-70
intent-filter#android.intent.action.MAIN+android.intent.category.LAUNCHER
ADDED from CryptChat\android\AndroidManifest.xml:21:13-24:29
action#android.intent.action.MAIN
ADDED from CryptChat\android\AndroidManifest.xml:22:17-69
	android:name
		ADDED from CryptChat\android\AndroidManifest.xml:22:25-66
category#android.intent.category.LAUNCHER
ADDED from CryptChat\android\AndroidManifest.xml:23:17-77
	android:name
		ADDED from CryptChat\android\AndroidManifest.xml:23:27-74